TN:
SF:src\extension.ts
FN:6,activate
FN:18,(anonymous_11)
FN:46,(anonymous_12)
FN:81,(anonymous_13)
FN:100,deactivate
FNF:5
FNH:1
FNDA:2,activate
FNDA:0,(anonymous_11)
FNDA:0,(anonymous_12)
FNDA:0,(anonymous_13)
FNDA:0,deactivate
DA:1,1
DA:2,1
DA:6,1
DA:7,2
DA:10,2
DA:11,2
DA:12,0
DA:13,0
DA:16,2
DA:18,2
DA:19,0
DA:20,0
DA:21,0
DA:24,0
DA:25,0
DA:26,0
DA:27,0
DA:30,0
DA:31,0
DA:33,0
DA:34,0
DA:35,0
DA:38,0
DA:40,0
DA:47,0
DA:49,0
DA:61,0
DA:73,0
DA:75,0
DA:76,0
DA:77,0
DA:81,0
DA:82,0
DA:83,0
DA:86,0
DA:90,0
DA:91,0
DA:97,2
DA:100,1
LF:39
LH:10
BRDA:11,0,0,0
BRDA:19,1,0,0
BRDA:25,2,0,0
BRDA:33,3,0,0
BRDA:76,4,0,0
BRDA:92,5,0,0
BRDA:92,5,1,0
BRF:7
BRH:0
end_of_record
